[2025-10-28 12:56:12,341][jax._src.xla_bridge][INFO] - Unable to initialize backend 'rocm': NOT_FOUND: Could not find registered platform with name: "rocm". Available platform names are: CUDA Interpreter Host
[2025-10-28 12:56:12,342][jax._src.xla_bridge][INFO] - Unable to initialize backend 'tpu': module 'jaxlib.xla_extension' has no attribute 'get_tpu_client'
[2025-10-28 12:56:12,342][jax._src.xla_bridge][INFO] - Unable to initialize backend 'plugin': xla_extension has no attributes named get_plugin_device_client. Compile TensorFlow with //tensorflow/compiler/xla/python:enable_plugin_device set to true (defaults to false) to enable this.
[2025-10-28 12:57:20,911][jax._src.xla_bridge][INFO] - Unable to initialize backend 'cuda': FAILED_PRECONDITION: No visible GPU devices.
[2025-10-28 12:57:20,919][jax._src.xla_bridge][INFO] - Unable to initialize backend 'rocm': NOT_FOUND: Could not find registered platform with name: "rocm". Available platform names are: CUDA Interpreter Host
[2025-10-28 12:57:20,920][jax._src.xla_bridge][INFO] - Unable to initialize backend 'tpu': module 'jaxlib.xla_extension' has no attribute 'get_tpu_client'
[2025-10-28 12:57:20,920][jax._src.xla_bridge][INFO] - Unable to initialize backend 'plugin': xla_extension has no attributes named get_plugin_device_client. Compile TensorFlow with //tensorflow/compiler/xla/python:enable_plugin_device set to true (defaults to false) to enable this.
[2025-10-28 12:57:20,920][jax._src.xla_bridge][WARNING] - No GPU/TPU found, falling back to CPU. (Set TF_CPP_MIN_LOG_LEVEL=0 and rerun for more info.)
[2025-10-28 12:57:20,932][jax._src.xla_bridge][INFO] - Unable to initialize backend 'cuda': FAILED_PRECONDITION: No visible GPU devices.
[2025-10-28 12:57:20,932][jax._src.xla_bridge][INFO] - Unable to initialize backend 'rocm': NOT_FOUND: Could not find registered platform with name: "rocm". Available platform names are: CUDA Interpreter Host
[2025-10-28 12:57:20,932][jax._src.xla_bridge][INFO] - Unable to initialize backend 'tpu': module 'jaxlib.xla_extension' has no attribute 'get_tpu_client'
[2025-10-28 12:57:20,932][jax._src.xla_bridge][INFO] - Unable to initialize backend 'plugin': xla_extension has no attributes named get_plugin_device_client. Compile TensorFlow with //tensorflow/compiler/xla/python:enable_plugin_device set to true (defaults to false) to enable this.
[2025-10-28 12:57:20,933][jax._src.xla_bridge][WARNING] - No GPU/TPU found, falling back to CPU. (Set TF_CPP_MIN_LOG_LEVEL=0 and rerun for more info.)
[2025-10-28 12:57:20,950][jax._src.xla_bridge][INFO] - Unable to initialize backend 'cuda': FAILED_PRECONDITION: No visible GPU devices.
[2025-10-28 12:57:20,951][jax._src.xla_bridge][INFO] - Unable to initialize backend 'rocm': NOT_FOUND: Could not find registered platform with name: "rocm". Available platform names are: CUDA Interpreter Host
[2025-10-28 12:57:20,951][jax._src.xla_bridge][INFO] - Unable to initialize backend 'tpu': module 'jaxlib.xla_extension' has no attribute 'get_tpu_client'
[2025-10-28 12:57:20,951][jax._src.xla_bridge][INFO] - Unable to initialize backend 'plugin': xla_extension has no attributes named get_plugin_device_client. Compile TensorFlow with //tensorflow/compiler/xla/python:enable_plugin_device set to true (defaults to false) to enable this.
[2025-10-28 12:57:20,951][jax._src.xla_bridge][WARNING] - No GPU/TPU found, falling back to CPU. (Set TF_CPP_MIN_LOG_LEVEL=0 and rerun for more info.)
[2025-10-28 12:57:20,971][jax._src.xla_bridge][INFO] - Unable to initialize backend 'cuda': FAILED_PRECONDITION: No visible GPU devices.
[2025-10-28 12:57:20,972][jax._src.xla_bridge][INFO] - Unable to initialize backend 'rocm': NOT_FOUND: Could not find registered platform with name: "rocm". Available platform names are: CUDA Interpreter Host
[2025-10-28 12:57:20,972][jax._src.xla_bridge][INFO] - Unable to initialize backend 'tpu': module 'jaxlib.xla_extension' has no attribute 'get_tpu_client'
[2025-10-28 12:57:20,972][jax._src.xla_bridge][INFO] - Unable to initialize backend 'plugin': xla_extension has no attributes named get_plugin_device_client. Compile TensorFlow with //tensorflow/compiler/xla/python:enable_plugin_device set to true (defaults to false) to enable this.
[2025-10-28 12:57:20,972][jax._src.xla_bridge][WARNING] - No GPU/TPU found, falling back to CPU. (Set TF_CPP_MIN_LOG_LEVEL=0 and rerun for more info.)
[2025-10-28 12:57:20,988][jax._src.xla_bridge][INFO] - Unable to initialize backend 'cuda': FAILED_PRECONDITION: No visible GPU devices.
[2025-10-28 12:57:20,988][jax._src.xla_bridge][INFO] - Unable to initialize backend 'rocm': NOT_FOUND: Could not find registered platform with name: "rocm". Available platform names are: CUDA Interpreter Host
[2025-10-28 12:57:20,988][jax._src.xla_bridge][INFO] - Unable to initialize backend 'tpu': module 'jaxlib.xla_extension' has no attribute 'get_tpu_client'
[2025-10-28 12:57:20,988][jax._src.xla_bridge][INFO] - Unable to initialize backend 'plugin': xla_extension has no attributes named get_plugin_device_client. Compile TensorFlow with //tensorflow/compiler/xla/python:enable_plugin_device set to true (defaults to false) to enable this.
[2025-10-28 12:57:20,989][jax._src.xla_bridge][WARNING] - No GPU/TPU found, falling back to CPU. (Set TF_CPP_MIN_LOG_LEVEL=0 and rerun for more info.)
[2025-10-28 12:57:21,009][jax._src.xla_bridge][INFO] - Unable to initialize backend 'cuda': FAILED_PRECONDITION: No visible GPU devices.
[2025-10-28 12:57:21,009][jax._src.xla_bridge][INFO] - Unable to initialize backend 'rocm': NOT_FOUND: Could not find registered platform with name: "rocm". Available platform names are: CUDA Interpreter Host
[2025-10-28 12:57:21,010][jax._src.xla_bridge][INFO] - Unable to initialize backend 'tpu': module 'jaxlib.xla_extension' has no attribute 'get_tpu_client'
[2025-10-28 12:57:21,010][jax._src.xla_bridge][INFO] - Unable to initialize backend 'plugin': xla_extension has no attributes named get_plugin_device_client. Compile TensorFlow with //tensorflow/compiler/xla/python:enable_plugin_device set to true (defaults to false) to enable this.
[2025-10-28 12:57:21,010][jax._src.xla_bridge][WARNING] - No GPU/TPU found, falling back to CPU. (Set TF_CPP_MIN_LOG_LEVEL=0 and rerun for more info.)
[2025-10-28 12:57:21,031][jax._src.xla_bridge][INFO] - Unable to initialize backend 'cuda': FAILED_PRECONDITION: No visible GPU devices.
[2025-10-28 12:57:21,031][jax._src.xla_bridge][INFO] - Unable to initialize backend 'rocm': NOT_FOUND: Could not find registered platform with name: "rocm". Available platform names are: CUDA Interpreter Host
[2025-10-28 12:57:21,031][jax._src.xla_bridge][INFO] - Unable to initialize backend 'tpu': module 'jaxlib.xla_extension' has no attribute 'get_tpu_client'
[2025-10-28 12:57:21,031][jax._src.xla_bridge][INFO] - Unable to initialize backend 'plugin': xla_extension has no attributes named get_plugin_device_client. Compile TensorFlow with //tensorflow/compiler/xla/python:enable_plugin_device set to true (defaults to false) to enable this.
[2025-10-28 12:57:21,031][jax._src.xla_bridge][WARNING] - No GPU/TPU found, falling back to CPU. (Set TF_CPP_MIN_LOG_LEVEL=0 and rerun for more info.)
[2025-10-28 12:57:21,063][jax._src.xla_bridge][INFO] - Unable to initialize backend 'cuda': FAILED_PRECONDITION: No visible GPU devices.
[2025-10-28 12:57:21,063][jax._src.xla_bridge][INFO] - Unable to initialize backend 'rocm': NOT_FOUND: Could not find registered platform with name: "rocm". Available platform names are: CUDA Interpreter Host
[2025-10-28 12:57:21,064][jax._src.xla_bridge][INFO] - Unable to initialize backend 'tpu': module 'jaxlib.xla_extension' has no attribute 'get_tpu_client'
[2025-10-28 12:57:21,064][jax._src.xla_bridge][INFO] - Unable to initialize backend 'plugin': xla_extension has no attributes named get_plugin_device_client. Compile TensorFlow with //tensorflow/compiler/xla/python:enable_plugin_device set to true (defaults to false) to enable this.
[2025-10-28 12:57:21,064][jax._src.xla_bridge][WARNING] - No GPU/TPU found, falling back to CPU. (Set TF_CPP_MIN_LOG_LEVEL=0 and rerun for more info.)
[2025-10-28 12:57:21,081][jax._src.xla_bridge][INFO] - Unable to initialize backend 'cuda': FAILED_PRECONDITION: No visible GPU devices.
[2025-10-28 12:57:21,081][jax._src.xla_bridge][INFO] - Unable to initialize backend 'rocm': NOT_FOUND: Could not find registered platform with name: "rocm". Available platform names are: CUDA Interpreter Host
[2025-10-28 12:57:21,081][jax._src.xla_bridge][INFO] - Unable to initialize backend 'tpu': module 'jaxlib.xla_extension' has no attribute 'get_tpu_client'
[2025-10-28 12:57:21,082][jax._src.xla_bridge][INFO] - Unable to initialize backend 'plugin': xla_extension has no attributes named get_plugin_device_client. Compile TensorFlow with //tensorflow/compiler/xla/python:enable_plugin_device set to true (defaults to false) to enable this.
[2025-10-28 12:57:21,082][jax._src.xla_bridge][WARNING] - No GPU/TPU found, falling back to CPU. (Set TF_CPP_MIN_LOG_LEVEL=0 and rerun for more info.)
[2025-10-28 12:57:21,107][jax._src.xla_bridge][INFO] - Unable to initialize backend 'cuda': FAILED_PRECONDITION: No visible GPU devices.
[2025-10-28 12:57:21,107][jax._src.xla_bridge][INFO] - Unable to initialize backend 'rocm': NOT_FOUND: Could not find registered platform with name: "rocm". Available platform names are: CUDA Interpreter Host
[2025-10-28 12:57:21,108][jax._src.xla_bridge][INFO] - Unable to initialize backend 'tpu': module 'jaxlib.xla_extension' has no attribute 'get_tpu_client'
[2025-10-28 12:57:21,108][jax._src.xla_bridge][INFO] - Unable to initialize backend 'plugin': xla_extension has no attributes named get_plugin_device_client. Compile TensorFlow with //tensorflow/compiler/xla/python:enable_plugin_device set to true (defaults to false) to enable this.
[2025-10-28 12:57:21,108][jax._src.xla_bridge][WARNING] - No GPU/TPU found, falling back to CPU. (Set TF_CPP_MIN_LOG_LEVEL=0 and rerun for more info.)
[2025-10-28 12:57:21,131][jax._src.xla_bridge][INFO] - Unable to initialize backend 'cuda': FAILED_PRECONDITION: No visible GPU devices.
[2025-10-28 12:57:21,131][jax._src.xla_bridge][INFO] - Unable to initialize backend 'rocm': NOT_FOUND: Could not find registered platform with name: "rocm". Available platform names are: CUDA Interpreter Host
[2025-10-28 12:57:21,132][jax._src.xla_bridge][INFO] - Unable to initialize backend 'tpu': module 'jaxlib.xla_extension' has no attribute 'get_tpu_client'
[2025-10-28 12:57:21,132][jax._src.xla_bridge][INFO] - Unable to initialize backend 'plugin': xla_extension has no attributes named get_plugin_device_client. Compile TensorFlow with //tensorflow/compiler/xla/python:enable_plugin_device set to true (defaults to false) to enable this.
[2025-10-28 12:57:21,132][jax._src.xla_bridge][WARNING] - No GPU/TPU found, falling back to CPU. (Set TF_CPP_MIN_LOG_LEVEL=0 and rerun for more info.)
[2025-10-28 12:57:21,155][jax._src.xla_bridge][INFO] - Unable to initialize backend 'cuda': FAILED_PRECONDITION: No visible GPU devices.
[2025-10-28 12:57:21,156][jax._src.xla_bridge][INFO] - Unable to initialize backend 'rocm': NOT_FOUND: Could not find registered platform with name: "rocm". Available platform names are: CUDA Interpreter Host
[2025-10-28 12:57:21,156][jax._src.xla_bridge][INFO] - Unable to initialize backend 'tpu': module 'jaxlib.xla_extension' has no attribute 'get_tpu_client'
[2025-10-28 12:57:21,157][jax._src.xla_bridge][INFO] - Unable to initialize backend 'plugin': xla_extension has no attributes named get_plugin_device_client. Compile TensorFlow with //tensorflow/compiler/xla/python:enable_plugin_device set to true (defaults to false) to enable this.
[2025-10-28 12:57:21,157][jax._src.xla_bridge][WARNING] - No GPU/TPU found, falling back to CPU. (Set TF_CPP_MIN_LOG_LEVEL=0 and rerun for more info.)
[2025-10-28 12:57:21,178][jax._src.xla_bridge][INFO] - Unable to initialize backend 'cuda': FAILED_PRECONDITION: No visible GPU devices.
[2025-10-28 12:57:21,179][jax._src.xla_bridge][INFO] - Unable to initialize backend 'rocm': NOT_FOUND: Could not find registered platform with name: "rocm". Available platform names are: CUDA Interpreter Host
[2025-10-28 12:57:21,180][jax._src.xla_bridge][INFO] - Unable to initialize backend 'tpu': module 'jaxlib.xla_extension' has no attribute 'get_tpu_client'
[2025-10-28 12:57:21,180][jax._src.xla_bridge][INFO] - Unable to initialize backend 'plugin': xla_extension has no attributes named get_plugin_device_client. Compile TensorFlow with //tensorflow/compiler/xla/python:enable_plugin_device set to true (defaults to false) to enable this.
[2025-10-28 12:57:21,180][jax._src.xla_bridge][WARNING] - No GPU/TPU found, falling back to CPU. (Set TF_CPP_MIN_LOG_LEVEL=0 and rerun for more info.)
[2025-10-28 12:57:21,213][jax._src.xla_bridge][INFO] - Unable to initialize backend 'cuda': FAILED_PRECONDITION: No visible GPU devices.
[2025-10-28 12:57:21,213][jax._src.xla_bridge][INFO] - Unable to initialize backend 'rocm': NOT_FOUND: Could not find registered platform with name: "rocm". Available platform names are: CUDA Interpreter Host
[2025-10-28 12:57:21,214][jax._src.xla_bridge][INFO] - Unable to initialize backend 'tpu': module 'jaxlib.xla_extension' has no attribute 'get_tpu_client'
[2025-10-28 12:57:21,214][jax._src.xla_bridge][INFO] - Unable to initialize backend 'plugin': xla_extension has no attributes named get_plugin_device_client. Compile TensorFlow with //tensorflow/compiler/xla/python:enable_plugin_device set to true (defaults to false) to enable this.
[2025-10-28 12:57:21,214][jax._src.xla_bridge][WARNING] - No GPU/TPU found, falling back to CPU. (Set TF_CPP_MIN_LOG_LEVEL=0 and rerun for more info.)
[2025-10-28 12:57:21,251][jax._src.xla_bridge][INFO] - Unable to initialize backend 'cuda': FAILED_PRECONDITION: No visible GPU devices.
[2025-10-28 12:57:21,252][jax._src.xla_bridge][INFO] - Unable to initialize backend 'rocm': NOT_FOUND: Could not find registered platform with name: "rocm". Available platform names are: CUDA Interpreter Host
[2025-10-28 12:57:21,253][jax._src.xla_bridge][INFO] - Unable to initialize backend 'tpu': module 'jaxlib.xla_extension' has no attribute 'get_tpu_client'
[2025-10-28 12:57:21,253][jax._src.xla_bridge][INFO] - Unable to initialize backend 'plugin': xla_extension has no attributes named get_plugin_device_client. Compile TensorFlow with //tensorflow/compiler/xla/python:enable_plugin_device set to true (defaults to false) to enable this.
[2025-10-28 12:57:21,254][jax._src.xla_bridge][WARNING] - No GPU/TPU found, falling back to CPU. (Set TF_CPP_MIN_LOG_LEVEL=0 and rerun for more info.)
[2025-10-28 12:57:21,286][jax._src.xla_bridge][INFO] - Unable to initialize backend 'cuda': FAILED_PRECONDITION: No visible GPU devices.
[2025-10-28 12:57:21,287][jax._src.xla_bridge][INFO] - Unable to initialize backend 'rocm': NOT_FOUND: Could not find registered platform with name: "rocm". Available platform names are: CUDA Interpreter Host
[2025-10-28 12:57:21,287][jax._src.xla_bridge][INFO] - Unable to initialize backend 'tpu': module 'jaxlib.xla_extension' has no attribute 'get_tpu_client'
[2025-10-28 12:57:21,287][jax._src.xla_bridge][INFO] - Unable to initialize backend 'plugin': xla_extension has no attributes named get_plugin_device_client. Compile TensorFlow with //tensorflow/compiler/xla/python:enable_plugin_device set to true (defaults to false) to enable this.
[2025-10-28 12:57:21,287][jax._src.xla_bridge][WARNING] - No GPU/TPU found, falling back to CPU. (Set TF_CPP_MIN_LOG_LEVEL=0 and rerun for more info.)
